2021-03-28 14:34:17,807 INFO org.springframework.boot.StartupInfoLogger [main] Starting ServerApplicationKt using Java 15.0.2 on Jinhanui-MacBookAir.local with PID 5859 (/Users/jinhanchoi/repo/tamer/server/build/classes/kotlin/main started by jinhanchoi in /Users/jinhanchoi/repo/tamer)
2021-03-28 14:34:17,808 INFO org.springframework.boot.SpringApplication [main] The following profiles are active: local
2021-03-28 14:34:18,071 INFO org.springframework.data.repository.config.RepositoryConfigurationDelegate [main] Bootstrapping Spring Data R2DBC repositories in DEFAULT mode.
2021-03-28 14:34:18,076 INFO org.springframework.data.repository.config.RepositoryConfigurationDelegate [main] Finished Spring Data repository scanning in 2 ms. Found 0 R2DBC repository interfaces.
2021-03-28 14:34:18,174 INFO org.springframework.data.repository.config.RepositoryConfigurationDelegate [main] Bootstrapping Spring Data R2DBC repositories in DEFAULT mode.
2021-03-28 14:34:18,240 INFO org.springframework.data.repository.config.RepositoryConfigurationDelegate [main] Finished Spring Data repository scanning in 66 ms. Found 1 R2DBC repository interfaces.
2021-03-28 14:34:18,556 INFO org.springframework.boot.autoconfigure.security.reactive.ReactiveUserDetailsServiceAutoConfiguration [main] 

Using generated security password: 80d67675-7862-482e-88a6-6ccf0bfca321

2021-03-28 14:34:18,652 WARN org.springframework.boot.autoconfigure.thymeleaf.ThymeleafAutoConfiguration$DefaultTemplateResolverConfiguration [main] Cannot find template location: classpath:/templates/ (please add some templates or check your Thymeleaf configuration)
2021-03-28 14:34:18,716 INFO org.springframework.boot.actuate.endpoint.web.EndpointLinksResolver [main] Exposing 2 endpoint(s) beneath base path '/actuator'
2021-03-28 14:34:18,847 INFO org.springframework.boot.web.embedded.netty.NettyWebServer [main] Netty started on port 8081
2021-03-28 14:34:18,854 INFO org.springframework.boot.StartupInfoLogger [main] Started ServerApplicationKt in 1.511 seconds (JVM running for 1.763)
2021-03-28 14:34:28,694 INFO org.springframework.boot.StartupInfoLogger [main] Starting ServerApplicationKt using Java 15.0.2 on Jinhanui-MacBookAir.local with PID 5867 (/Users/jinhanchoi/repo/tamer/server/build/classes/kotlin/main started by jinhanchoi in /Users/jinhanchoi/repo/tamer)
2021-03-28 14:34:28,695 INFO org.springframework.boot.SpringApplication [main] The following profiles are active: local
2021-03-28 14:34:28,960 INFO org.springframework.data.repository.config.RepositoryConfigurationDelegate [main] Bootstrapping Spring Data R2DBC repositories in DEFAULT mode.
2021-03-28 14:34:28,964 INFO org.springframework.data.repository.config.RepositoryConfigurationDelegate [main] Finished Spring Data repository scanning in 2 ms. Found 0 R2DBC repository interfaces.
2021-03-28 14:34:29,056 INFO org.springframework.data.repository.config.RepositoryConfigurationDelegate [main] Bootstrapping Spring Data R2DBC repositories in DEFAULT mode.
2021-03-28 14:34:29,121 INFO org.springframework.data.repository.config.RepositoryConfigurationDelegate [main] Finished Spring Data repository scanning in 64 ms. Found 1 R2DBC repository interfaces.
2021-03-28 14:34:29,447 INFO org.springframework.boot.autoconfigure.security.reactive.ReactiveUserDetailsServiceAutoConfiguration [main] 

Using generated security password: 8f590063-4e81-41c5-935c-a4b18c1834d6

2021-03-28 14:34:29,536 WARN org.springframework.boot.autoconfigure.thymeleaf.ThymeleafAutoConfiguration$DefaultTemplateResolverConfiguration [main] Cannot find template location: classpath:/templates/ (please add some templates or check your Thymeleaf configuration)
2021-03-28 14:34:29,604 INFO org.springframework.boot.actuate.endpoint.web.EndpointLinksResolver [main] Exposing 2 endpoint(s) beneath base path '/actuator'
2021-03-28 14:34:29,732 INFO org.springframework.boot.web.embedded.netty.NettyWebServer [main] Netty started on port 8081
2021-03-28 14:34:29,740 INFO org.springframework.boot.StartupInfoLogger [main] Started ServerApplicationKt in 1.281 seconds (JVM running for 1.517)
2021-03-28 14:34:42,128 INFO org.springframework.boot.StartupInfoLogger [main] Starting ServerApplicationKt using Java 15.0.2 on Jinhanui-MacBookAir.local with PID 5875 (/Users/jinhanchoi/repo/tamer/server/build/classes/kotlin/main started by jinhanchoi in /Users/jinhanchoi/repo/tamer)
2021-03-28 14:34:42,130 INFO org.springframework.boot.SpringApplication [main] The following profiles are active: local
2021-03-28 14:34:42,399 INFO org.springframework.data.repository.config.RepositoryConfigurationDelegate [main] Bootstrapping Spring Data R2DBC repositories in DEFAULT mode.
2021-03-28 14:34:42,403 INFO org.springframework.data.repository.config.RepositoryConfigurationDelegate [main] Finished Spring Data repository scanning in 2 ms. Found 0 R2DBC repository interfaces.
2021-03-28 14:34:42,496 INFO org.springframework.data.repository.config.RepositoryConfigurationDelegate [main] Bootstrapping Spring Data R2DBC repositories in DEFAULT mode.
2021-03-28 14:34:42,567 INFO org.springframework.data.repository.config.RepositoryConfigurationDelegate [main] Finished Spring Data repository scanning in 69 ms. Found 1 R2DBC repository interfaces.
2021-03-28 14:34:42,883 INFO org.springframework.boot.autoconfigure.security.reactive.ReactiveUserDetailsServiceAutoConfiguration [main] 

Using generated security password: 8fa79716-9cab-4ccb-9b9e-e6c43b944287

2021-03-28 14:34:42,972 WARN org.springframework.boot.autoconfigure.thymeleaf.ThymeleafAutoConfiguration$DefaultTemplateResolverConfiguration [main] Cannot find template location: classpath:/templates/ (please add some templates or check your Thymeleaf configuration)
2021-03-28 14:34:43,044 INFO org.springframework.boot.actuate.endpoint.web.EndpointLinksResolver [main] Exposing 2 endpoint(s) beneath base path '/actuator'
2021-03-28 14:34:43,185 INFO org.springframework.boot.web.embedded.netty.NettyWebServer [main] Netty started on port 8081
2021-03-28 14:34:43,193 INFO org.springframework.boot.StartupInfoLogger [main] Started ServerApplicationKt in 1.285 seconds (JVM running for 1.507)
2021-03-28 14:35:10,887 INFO org.springframework.boot.StartupInfoLogger [main] Starting ServerApplicationKt using Java 15.0.2 on Jinhanui-MacBookAir.local with PID 5880 (/Users/jinhanchoi/repo/tamer/server/build/classes/kotlin/main started by jinhanchoi in /Users/jinhanchoi/repo/tamer)
2021-03-28 14:35:10,888 INFO org.springframework.boot.SpringApplication [main] The following profiles are active: local
2021-03-28 14:35:11,153 INFO org.springframework.data.repository.config.RepositoryConfigurationDelegate [main] Bootstrapping Spring Data R2DBC repositories in DEFAULT mode.
2021-03-28 14:35:11,157 INFO org.springframework.data.repository.config.RepositoryConfigurationDelegate [main] Finished Spring Data repository scanning in 2 ms. Found 0 R2DBC repository interfaces.
2021-03-28 14:35:11,250 INFO org.springframework.data.repository.config.RepositoryConfigurationDelegate [main] Bootstrapping Spring Data R2DBC repositories in DEFAULT mode.
2021-03-28 14:35:11,317 INFO org.springframework.data.repository.config.RepositoryConfigurationDelegate [main] Finished Spring Data repository scanning in 66 ms. Found 1 R2DBC repository interfaces.
2021-03-28 14:35:11,637 INFO org.springframework.boot.autoconfigure.security.reactive.ReactiveUserDetailsServiceAutoConfiguration [main] 

Using generated security password: 12e8f2c1-6b02-4dca-930b-3d95db06941d

2021-03-28 14:35:11,720 WARN org.springframework.boot.autoconfigure.thymeleaf.ThymeleafAutoConfiguration$DefaultTemplateResolverConfiguration [main] Cannot find template location: classpath:/templates/ (please add some templates or check your Thymeleaf configuration)
2021-03-28 14:35:11,794 INFO org.springframework.boot.actuate.endpoint.web.EndpointLinksResolver [main] Exposing 2 endpoint(s) beneath base path '/actuator'
2021-03-28 14:35:11,923 INFO org.springframework.boot.web.embedded.netty.NettyWebServer [main] Netty started on port 8081
2021-03-28 14:35:11,931 INFO org.springframework.boot.StartupInfoLogger [main] Started ServerApplicationKt in 1.283 seconds (JVM running for 1.501)
2021-03-28 14:35:52,559 INFO org.springframework.boot.StartupInfoLogger [main] Starting ServerApplicationKt using Java 15.0.2 on Jinhanui-MacBookAir.local with PID 5885 (/Users/jinhanchoi/repo/tamer/server/build/classes/kotlin/main started by jinhanchoi in /Users/jinhanchoi/repo/tamer)
2021-03-28 14:35:52,560 DEBUG org.springframework.boot.StartupInfoLogger [main] Running with Spring Boot v2.4.4, Spring v5.3.5
2021-03-28 14:35:52,560 INFO org.springframework.boot.SpringApplication [main] The following profiles are active: local
2021-03-28 14:35:52,834 INFO org.springframework.data.repository.config.RepositoryConfigurationDelegate [main] Bootstrapping Spring Data R2DBC repositories in DEFAULT mode.
2021-03-28 14:35:52,839 INFO org.springframework.data.repository.config.RepositoryConfigurationDelegate [main] Finished Spring Data repository scanning in 2 ms. Found 0 R2DBC repository interfaces.
2021-03-28 14:35:52,935 INFO org.springframework.data.repository.config.RepositoryConfigurationDelegate [main] Bootstrapping Spring Data R2DBC repositories in DEFAULT mode.
2021-03-28 14:35:53,014 INFO org.springframework.data.repository.config.RepositoryConfigurationDelegate [main] Finished Spring Data repository scanning in 78 ms. Found 1 R2DBC repository interfaces.
2021-03-28 14:35:53,366 INFO org.springframework.boot.autoconfigure.security.reactive.ReactiveUserDetailsServiceAutoConfiguration [main] 

Using generated security password: 1ae580c4-1843-43af-b04a-cc8b62fe0490

2021-03-28 14:35:53,456 WARN org.springframework.boot.autoconfigure.thymeleaf.ThymeleafAutoConfiguration$DefaultTemplateResolverConfiguration [main] Cannot find template location: classpath:/templates/ (please add some templates or check your Thymeleaf configuration)
2021-03-28 14:35:53,525 INFO org.springframework.boot.actuate.endpoint.web.EndpointLinksResolver [main] Exposing 2 endpoint(s) beneath base path '/actuator'
2021-03-28 14:35:53,661 INFO org.springframework.boot.web.embedded.netty.NettyWebServer [main] Netty started on port 8081
2021-03-28 14:35:53,669 INFO org.springframework.boot.StartupInfoLogger [main] Started ServerApplicationKt in 1.347 seconds (JVM running for 1.597)
2021-03-28 16:38:14,458 INFO org.springframework.boot.StartupInfoLogger [main] Starting ServerApplicationKt using Java 15.0.2 on Jinhanui-MacBookAir.local with PID 6158 (/Users/jinhanchoi/repo/tamer/server/build/classes/kotlin/main started by jinhanchoi in /Users/jinhanchoi/repo/tamer)
2021-03-28 16:38:14,459 DEBUG org.springframework.boot.StartupInfoLogger [main] Running with Spring Boot v2.4.4, Spring v5.3.5
2021-03-28 16:38:14,460 INFO org.springframework.boot.SpringApplication [main] The following profiles are active: local
2021-03-28 16:38:14,737 INFO org.springframework.data.repository.config.RepositoryConfigurationDelegate [main] Bootstrapping Spring Data R2DBC repositories in DEFAULT mode.
2021-03-28 16:38:14,741 INFO org.springframework.data.repository.config.RepositoryConfigurationDelegate [main] Finished Spring Data repository scanning in 2 ms. Found 0 R2DBC repository interfaces.
2021-03-28 16:38:14,837 INFO org.springframework.data.repository.config.RepositoryConfigurationDelegate [main] Bootstrapping Spring Data R2DBC repositories in DEFAULT mode.
2021-03-28 16:38:14,909 INFO org.springframework.data.repository.config.RepositoryConfigurationDelegate [main] Finished Spring Data repository scanning in 71 ms. Found 1 R2DBC repository interfaces.
2021-03-28 16:38:15,121 WARN org.springframework.context.support.AbstractApplicationContext [main] Exception encountered during context initialization - cancelling refresh attempt: org.springframework.beans.factory.UnsatisfiedDependencyException: Error creating bean with name 'healthCheckController' defined in file [/Users/jinhanchoi/repo/tamer/server/build/classes/kotlin/main/com/tamerofficial/HealthCheckController.class]: Unsatisfied dependency expressed through constructor parameter 0; nested exception is org.springframework.beans.factory.BeanCreationException: Error creating bean with name 'userRepository' defined in com.tamerofficial.entity.UserRepository defined in @EnableR2dbcRepositories declared on R2dbcRepositoriesAutoConfigureRegistrar.EnableR2dbcRepositoriesConfiguration: Cannot resolve reference to bean 'r2dbcEntityTemplate' while setting bean property 'entityOperations'; nested exception is org.springframework.beans.factory.UnsatisfiedDependencyException: Error creating bean with name 'org.springframework.boot.autoconfigure.data.r2dbc.R2dbcDataAutoConfiguration': Unsatisfied dependency expressed through constructor parameter 0; nested exception is org.springframework.beans.factory.UnsatisfiedDependencyException: Error creating bean with name 'r2dbcDatabaseClient' defined in class path resource [org/springframework/boot/autoconfigure/r2dbc/ConnectionFactoryDependentConfiguration.class]: Unsatisfied dependency expressed through method 'r2dbcDatabaseClient' parameter 0; nested exception is org.springframework.beans.factory.BeanCreationException: Error creating bean with name 'connectionFactory' defined in class path resource [org/springframework/boot/autoconfigure/r2dbc/ConnectionFactoryConfigurations$Pool.class]: Bean instantiation via factory method failed; nested exception is org.springframework.beans.BeanInstantiationException: Failed to instantiate [io.r2dbc.pool.ConnectionPool]: Factory method 'connectionFactory' threw exception; nested exception is org.springframework.boot.autoconfigure.r2dbc.ConnectionFactoryBuilder$ConnectionFactoryBeanCreationException: Failed to determine a suitable R2DBC Connection URL
2021-03-28 16:38:15,133 INFO org.springframework.boot.autoconfigure.logging.ConditionEvaluationReportLoggingListener [main] 

Error starting ApplicationContext. To display the conditions report re-run your application with 'debug' enabled.
2021-03-28 16:38:15,143 ERROR org.springframework.boot.diagnostics.LoggingFailureAnalysisReporter [main] 

***************************
APPLICATION FAILED TO START
***************************

Description:

Failed to configure a ConnectionFactory: 'url' attribute is not specified and no embedded database could be configured.

Reason: Failed to determine a suitable R2DBC Connection URL


Action:

Consider the following:
	If you want an embedded database (H2), please put it on the classpath.
	If you have database settings to be loaded from a particular profile you may need to activate it (the profiles local are currently active).

2021-03-28 16:38:43,603 INFO org.springframework.boot.StartupInfoLogger [main] Starting ServerApplicationKt using Java 15.0.2 on Jinhanui-MacBookAir.local with PID 6163 (/Users/jinhanchoi/repo/tamer/server/build/classes/kotlin/main started by jinhanchoi in /Users/jinhanchoi/repo/tamer)
2021-03-28 16:38:43,604 DEBUG org.springframework.boot.StartupInfoLogger [main] Running with Spring Boot v2.4.4, Spring v5.3.5
2021-03-28 16:38:43,604 INFO org.springframework.boot.SpringApplication [main] The following profiles are active: local
2021-03-28 16:38:43,890 INFO org.springframework.data.repository.config.RepositoryConfigurationDelegate [main] Bootstrapping Spring Data R2DBC repositories in DEFAULT mode.
2021-03-28 16:38:43,894 INFO org.springframework.data.repository.config.RepositoryConfigurationDelegate [main] Finished Spring Data repository scanning in 2 ms. Found 0 R2DBC repository interfaces.
2021-03-28 16:38:44,004 INFO org.springframework.data.repository.config.RepositoryConfigurationDelegate [main] Bootstrapping Spring Data R2DBC repositories in DEFAULT mode.
2021-03-28 16:38:44,076 INFO org.springframework.data.repository.config.RepositoryConfigurationDelegate [main] Finished Spring Data repository scanning in 72 ms. Found 1 R2DBC repository interfaces.
2021-03-28 16:38:44,408 INFO org.springframework.boot.autoconfigure.security.reactive.ReactiveUserDetailsServiceAutoConfiguration [main] 

Using generated security password: 4c8c60ac-b0ee-4d46-9ce2-93f164823759

2021-03-28 16:38:44,501 WARN org.springframework.boot.autoconfigure.thymeleaf.ThymeleafAutoConfiguration$DefaultTemplateResolverConfiguration [main] Cannot find template location: classpath:/templates/ (please add some templates or check your Thymeleaf configuration)
2021-03-28 16:38:44,569 INFO org.springframework.boot.actuate.endpoint.web.EndpointLinksResolver [main] Exposing 2 endpoint(s) beneath base path '/actuator'
2021-03-28 16:38:44,706 INFO org.springframework.boot.web.embedded.netty.NettyWebServer [main] Netty started on port 8081
2021-03-28 16:38:44,713 INFO org.springframework.boot.StartupInfoLogger [main] Started ServerApplicationKt in 1.345 seconds (JVM running for 1.662)
2021-03-28 16:39:11,546 INFO org.springframework.boot.StartupInfoLogger [main] Starting ServerApplicationKt using Java 15.0.2 on Jinhanui-MacBookAir.local with PID 6169 (/Users/jinhanchoi/repo/tamer/server/build/classes/kotlin/main started by jinhanchoi in /Users/jinhanchoi/repo/tamer)
2021-03-28 16:39:11,547 DEBUG org.springframework.boot.StartupInfoLogger [main] Running with Spring Boot v2.4.4, Spring v5.3.5
2021-03-28 16:39:11,547 INFO org.springframework.boot.SpringApplication [main] The following profiles are active: local
2021-03-28 16:39:11,869 INFO org.springframework.data.repository.config.RepositoryConfigurationDelegate [main] Bootstrapping Spring Data R2DBC repositories in DEFAULT mode.
2021-03-28 16:39:11,873 INFO org.springframework.data.repository.config.RepositoryConfigurationDelegate [main] Finished Spring Data repository scanning in 2 ms. Found 0 R2DBC repository interfaces.
2021-03-28 16:39:11,982 INFO org.springframework.data.repository.config.RepositoryConfigurationDelegate [main] Bootstrapping Spring Data R2DBC repositories in DEFAULT mode.
2021-03-28 16:39:12,054 INFO org.springframework.data.repository.config.RepositoryConfigurationDelegate [main] Finished Spring Data repository scanning in 71 ms. Found 1 R2DBC repository interfaces.
2021-03-28 16:39:12,439 INFO org.springframework.boot.autoconfigure.security.reactive.ReactiveUserDetailsServiceAutoConfiguration [main] 

Using generated security password: 3b616610-3ee1-4cd5-ba1e-6d6f79b522e4

2021-03-28 16:39:12,541 WARN org.springframework.boot.autoconfigure.thymeleaf.ThymeleafAutoConfiguration$DefaultTemplateResolverConfiguration [main] Cannot find template location: classpath:/templates/ (please add some templates or check your Thymeleaf configuration)
2021-03-28 16:39:12,638 INFO org.springframework.boot.actuate.endpoint.web.EndpointLinksResolver [main] Exposing 2 endpoint(s) beneath base path '/actuator'
2021-03-28 16:39:12,822 INFO org.springframework.boot.web.embedded.netty.NettyWebServer [main] Netty started on port 8081
2021-03-28 16:39:12,832 INFO org.springframework.boot.StartupInfoLogger [main] Started ServerApplicationKt in 1.517 seconds (JVM running for 1.756)
2021-03-28 16:39:25,443 INFO com.tamerofficial.domain.home.HomeApp [reactor-http-nio-2] Location(lat=1, lon=2)
2021-03-28 16:39:26,812 INFO com.tamerofficial.domain.home.HomeApp [reactor-http-nio-2] Location(lat=1, lon=2)
2021-03-28 16:39:41,802 INFO com.tamerofficial.domain.home.HomeApp [reactor-http-nio-2] Location(lat=1, lon=2)
2021-03-28 16:39:42,460 INFO com.tamerofficial.domain.home.HomeApp [reactor-http-nio-2] Location(lat=1, lon=2)
2021-03-28 16:39:42,973 INFO com.tamerofficial.domain.home.HomeApp [reactor-http-nio-2] Location(lat=1, lon=2)
2021-03-28 16:39:43,441 INFO com.tamerofficial.domain.home.HomeApp [reactor-http-nio-2] Location(lat=1, lon=2)
2021-03-28 16:39:43,841 INFO com.tamerofficial.domain.home.HomeApp [reactor-http-nio-2] Location(lat=1, lon=2)
2021-03-28 16:41:30,622 INFO com.tamerofficial.domain.home.HomeApp [reactor-http-nio-2] Location(lat=1, lon=2)
